mode: atomic
github.com/tictactoe/pkg/board/game.go:21.21,24.6 3 1
github.com/tictactoe/pkg/board/game.go:24.6,25.20 1 6
github.com/tictactoe/pkg/board/game.go:28.3,29.21 2 5
github.com/tictactoe/pkg/board/game.go:25.20,27.4 1 1
github.com/tictactoe/pkg/board/game.go:33.32,35.30 1 10
github.com/tictactoe/pkg/board/game.go:45.2,45.14 1 6
github.com/tictactoe/pkg/board/game.go:35.30,36.70 1 8
github.com/tictactoe/pkg/board/game.go:40.3,40.31 1 6
github.com/tictactoe/pkg/board/game.go:36.70,38.4 1 2
github.com/tictactoe/pkg/board/game.go:40.31,43.4 2 2
github.com/tictactoe/pkg/board/game.go:48.36,49.29 1 8
github.com/tictactoe/pkg/board/game.go:74.2,74.14 1 6
github.com/tictactoe/pkg/board/game.go:49.29,52.35 3 50
github.com/tictactoe/pkg/board/game.go:62.3,62.23 1 50
github.com/tictactoe/pkg/board/game.go:67.3,67.23 1 49
github.com/tictactoe/pkg/board/game.go:52.35,53.53 1 150
github.com/tictactoe/pkg/board/game.go:53.53,54.42 1 113
github.com/tictactoe/pkg/board/game.go:54.42,56.6 1 34
github.com/tictactoe/pkg/board/game.go:56.11,58.6 1 79
github.com/tictactoe/pkg/board/game.go:62.23,65.4 2 1
github.com/tictactoe/pkg/board/game.go:67.23,71.4 3 1
github.com/tictactoe/pkg/board/game.go:77.43,80.11 2 15
github.com/tictactoe/pkg/board/game.go:84.2,87.16 3 15
github.com/tictactoe/pkg/board/game.go:92.2,92.29 1 13
github.com/tictactoe/pkg/board/game.go:96.2,98.10 3 9
github.com/tictactoe/pkg/board/game.go:80.11,82.3 1 6
github.com/tictactoe/pkg/board/game.go:87.16,90.3 2 2
github.com/tictactoe/pkg/board/game.go:92.29,94.3 1 4
github.com/tictactoe/pkg/board/types.go:14.24,17.25 2 5
github.com/tictactoe/pkg/board/types.go:21.2,22.11 2 5
github.com/tictactoe/pkg/board/types.go:17.25,19.3 1 45
github.com/tictactoe/pkg/board/types.go:25.27,29.25 2 10
github.com/tictactoe/pkg/board/types.go:32.2,35.25 2 10
github.com/tictactoe/pkg/board/types.go:29.25,31.3 1 90
github.com/tictactoe/pkg/board/types.go:35.25,37.14 2 90
github.com/tictactoe/pkg/board/types.go:42.3,43.33 2 90
github.com/tictactoe/pkg/board/types.go:37.14,39.4 1 68
github.com/tictactoe/pkg/board/types.go:39.9,41.4 1 22
github.com/tictactoe/pkg/board/types.go:43.33,45.4 1 30
github.com/tictactoe/pkg/board/types.go:49.43,50.12 1 13
github.com/tictactoe/pkg/board/types.go:54.2,55.16 2 11
github.com/tictactoe/pkg/board/types.go:59.2,59.13 1 9
github.com/tictactoe/pkg/board/types.go:50.12,53.3 2 2
github.com/tictactoe/pkg/board/types.go:55.16,58.3 2 2
github.com/tictactoe/pkg/board/types.go:62.56,66.2 3 9
github.com/tictactoe/pkg/board/userinterface.go:17.38,20.2 2 6
github.com/tictactoe/pkg/board/userinterface.go:22.50,27.16 3 3
github.com/tictactoe/pkg/board/userinterface.go:31.2,32.48 2 2
github.com/tictactoe/pkg/board/userinterface.go:36.2,36.15 1 1
github.com/tictactoe/pkg/board/userinterface.go:27.16,29.3 1 1
github.com/tictactoe/pkg/board/userinterface.go:32.48,34.3 1 1
github.com/tictactoe/pkg/board/util.go:8.36,9.22 1 158
github.com/tictactoe/pkg/board/util.go:14.2,14.14 1 39
github.com/tictactoe/pkg/board/util.go:9.22,10.13 1 695
github.com/tictactoe/pkg/board/util.go:10.13,12.4 1 119
github.com/tictactoe/pkg/board/util.go:17.79,24.2 6 8
