mode: atomic
github.com/tictactoe/pkg/board/userinterface.go:17.38,20.2 2 7
github.com/tictactoe/pkg/board/userinterface.go:22.50,27.16 3 3
github.com/tictactoe/pkg/board/userinterface.go:31.2,32.48 2 2
github.com/tictactoe/pkg/board/userinterface.go:36.2,36.15 1 1
github.com/tictactoe/pkg/board/userinterface.go:27.16,29.3 1 1
github.com/tictactoe/pkg/board/userinterface.go:32.48,34.3 1 1
github.com/tictactoe/pkg/board/util.go:8.36,9.22 1 158
github.com/tictactoe/pkg/board/util.go:14.2,14.14 1 39
github.com/tictactoe/pkg/board/util.go:9.22,10.13 1 695
github.com/tictactoe/pkg/board/util.go:10.13,12.4 1 119
github.com/tictactoe/pkg/board/util.go:17.100,24.2 6 8
github.com/tictactoe/pkg/board/game.go:21.21,25.21 3 1
github.com/tictactoe/pkg/board/game.go:25.21,28.3 2 5
github.com/tictactoe/pkg/board/game.go:31.32,33.30 1 10
github.com/tictactoe/pkg/board/game.go:43.2,43.14 1 6
github.com/tictactoe/pkg/board/game.go:33.30,34.91 1 8
github.com/tictactoe/pkg/board/game.go:38.3,38.31 1 6
github.com/tictactoe/pkg/board/game.go:34.91,36.4 1 2
github.com/tictactoe/pkg/board/game.go:38.31,41.4 2 2
github.com/tictactoe/pkg/board/game.go:46.36,48.29 2 8
github.com/tictactoe/pkg/board/game.go:78.2,78.14 1 6
github.com/tictactoe/pkg/board/game.go:48.29,53.35 4 50
github.com/tictactoe/pkg/board/game.go:53.35,55.53 2 150
github.com/tictactoe/pkg/board/game.go:64.4,64.24 1 150
github.com/tictactoe/pkg/board/game.go:70.4,70.24 1 149
github.com/tictactoe/pkg/board/game.go:55.53,56.22 1 113
github.com/tictactoe/pkg/board/game.go:61.5,61.61 1 113
github.com/tictactoe/pkg/board/game.go:56.22,58.6 1 34
github.com/tictactoe/pkg/board/game.go:58.11,60.6 1 79
github.com/tictactoe/pkg/board/game.go:64.24,68.5 3 1
github.com/tictactoe/pkg/board/game.go:70.24,74.5 3 1
github.com/tictactoe/pkg/board/game.go:81.43,84.11 2 15
github.com/tictactoe/pkg/board/game.go:88.2,91.16 3 15
github.com/tictactoe/pkg/board/game.go:96.2,96.29 1 13
github.com/tictactoe/pkg/board/game.go:100.2,102.10 3 9
github.com/tictactoe/pkg/board/game.go:84.11,86.3 1 6
github.com/tictactoe/pkg/board/game.go:91.16,94.3 2 2
github.com/tictactoe/pkg/board/game.go:96.29,98.3 1 4
github.com/tictactoe/pkg/board/types.go:18.24,21.25 2 6
github.com/tictactoe/pkg/board/types.go:25.2,26.11 2 6
github.com/tictactoe/pkg/board/types.go:21.25,23.3 1 54
github.com/tictactoe/pkg/board/types.go:29.51,30.37 1 2
github.com/tictactoe/pkg/board/types.go:37.2,37.13 1 2
github.com/tictactoe/pkg/board/types.go:30.37,36.3 5 6
github.com/tictactoe/pkg/board/types.go:40.27,44.25 2 12
github.com/tictactoe/pkg/board/types.go:47.2,51.25 3 12
github.com/tictactoe/pkg/board/types.go:63.2,65.27 2 12
github.com/tictactoe/pkg/board/types.go:44.25,46.3 1 108
github.com/tictactoe/pkg/board/types.go:51.25,53.14 2 108
github.com/tictactoe/pkg/board/types.go:58.3,58.23 1 108
github.com/tictactoe/pkg/board/types.go:53.14,55.4 1 80
github.com/tictactoe/pkg/board/types.go:55.9,57.4 1 28
github.com/tictactoe/pkg/board/types.go:58.23,61.4 2 24
github.com/tictactoe/pkg/board/types.go:69.43,70.12 1 13
github.com/tictactoe/pkg/board/types.go:74.2,75.16 2 11
github.com/tictactoe/pkg/board/types.go:79.2,79.13 1 9
github.com/tictactoe/pkg/board/types.go:70.12,73.3 2 2
github.com/tictactoe/pkg/board/types.go:75.16,78.3 2 2
github.com/tictactoe/pkg/board/types.go:82.56,86.2 3 9
